# JRE version: OpenJDK Runtime Environment (11.0.4+11) (build 11.0.4+11-LTS)
# Java VM: OpenJDK 64-Bit Server VM (11.0.4+11-LTS, mixed mode, tiered, compressed oops, g1 gc, windows-amd64)
Heap:
 garbage-first heap   total 157696K, used 18215K [0x0000000080a00000, 0x0000000100000000)
  region size 1024K, 11 young (11264K), 8 survivors (8192K)
 Metaspace       used 30903K, capacity 31893K, committed 32128K, reserved 1077248K
  class space    used 3793K, capacity 4181K, committed 4224K, reserved 1048576K
GC Heap History (10 events):
Event: 1.601 GC heap before
{Heap before GC invocations=3 (full 0):
 garbage-first heap   total 131072K, used 13478K [0x0000000080a00000, 0x0000000100000000)
  region size 1024K, 7 young (7168K), 2 survivors (2048K)
 Metaspace       used 20520K, capacity 21143K, committed 21248K, reserved 1067008K
  class space    used 2463K, capacity 2711K, committed 2816K, reserved 1048576K
}
Event: 1.603 GC heap after
{Heap after GC invocations=4 (full 0):
 garbage-first heap   total 131072K, used 9512K [0x0000000080a00000, 0x0000000100000000)
  region size 1024K, 3 young (3072K), 3 survivors (3072K)
 Metaspace       used 20520K, capacity 21143K, committed 21248K, reserved 1067008K
  class space    used 2463K, capacity 2711K, committed 2816K, reserved 1048576K
}
Event: 2.042 GC heap before
{Heap before GC invocations=5 (full 0):
 garbage-first heap   total 131072K, used 59688K [0x0000000080a00000, 0x0000000100000000)
  region size 1024K, 52 young (53248K), 3 survivors (3072K)
 Metaspace       used 26647K, capacity 27444K, committed 27648K, reserved 1073152K
  class space    used 3248K, capacity 3542K, committed 3584K, reserved 1048576K
}
Event: 2.047 GC heap after
{Heap after GC invocations=6 (full 0):
 garbage-first heap   total 131072K, used 10864K [0x0000000080a00000, 0x0000000100000000)
  region size 1024K, 4 young (4096K), 4 survivors (4096K)
 Metaspace       used 26647K, capacity 27444K, committed 27648K, reserved 1073152K
  class space    used 3248K, capacity 3542K, committed 3584K, reserved 1048576K
}
Event: 2.790 GC heap before
{Heap before GC invocations=6 (full 0):
 garbage-first heap   total 131072K, used 77424K [0x0000000080a00000, 0x0000000100000000)
  region size 1024K, 69 young (70656K), 4 survivors (4096K)
 Metaspace       used 29189K, capacity 30117K, committed 30336K, reserved 1075200K
  class space    used 3532K, capacity 3917K, committed 3968K, reserved 1048576K
}
Event: 2.795 GC heap after
{Heap after GC invocations=7 (full 0):
 garbage-first heap   total 131072K, used 12877K [0x0000000080a00000, 0x0000000100000000)
  region size 1024K, 6 young (6144K), 6 survivors (6144K)
 Metaspace       used 29189K, capacity 30117K, committed 30336K, reserved 1075200K
  class space    used 3532K, capacity 3917K, committed 3968K, reserved 1048576K
}
Event: 3.460 GC heap before
{Heap before GC invocations=7 (full 0):
 garbage-first heap   total 131072K, used 79437K [0x0000000080a00000, 0x0000000100000000)
  region size 1024K, 71 young (72704K), 6 survivors (6144K)
 Metaspace       used 29401K, capacity 30377K, committed 30592K, reserved 1075200K
  class space    used 3572K, capacity 3956K, committed 3968K, reserved 1048576K
}
Event: 3.466 GC heap after
{Heap after GC invocations=8 (full 0):
 garbage-first heap   total 157696K, used 14119K [0x0000000080a00000, 0x0000000100000000)
  region size 1024K, 6 young (6144K), 6 survivors (6144K)
 Metaspace       used 29401K, capacity 30377K, committed 30592K, reserved 1075200K
  class space    used 3572K, capacity 3956K, committed 3968K, reserved 1048576K
}
Event: 4.499 GC heap before
{Heap before GC invocations=8 (full 0):
 garbage-first heap   total 157696K, used 99111K [0x0000000080a00000, 0x0000000100000000)
  region size 1024K, 89 young (91136K), 6 survivors (6144K)
 Metaspace       used 30746K, capacity 31765K, committed 31872K, reserved 1077248K
  class space    used 3776K, capacity 4181K, committed 4224K, reserved 1048576K
}
Event: 4.505 GC heap after
{Heap after GC invocations=9 (full 0):
 garbage-first heap   total 157696K, used 16167K [0x0000000080a00000, 0x0000000100000000)
  region size 1024K, 8 young (8192K), 8 survivors (8192K)
 Metaspace       used 30746K, capacity 31765K, committed 31872K, reserved 1077248K
  class space    used 3776K, capacity 4181K, committed 4224K, reserved 1048576K
}

